<?xml version="1.0" encoding="UTF-8"?>
<!-- Generated by org.testng.reporters.JUnitReportReporter -->
<testsuite skipped="0" hostname="ZZroutsu01" name="automationFramework.NewTest" tests="1" failures="0" timestamp="25 Feb 2020 10:32:03 GMT" time="36.750" errors="0">
  <testcase name="verifyHomepageTitle" time="36.750" classname="automationFramework.NewTest"/>
</testsuite> <!-- automationFramework.NewTest -->
